[15:55:34] GET   | html     |   4148b | index.html
[15:55:34] GET   | 404      |      0b | /favicon.ico
[15:55:34] GET   | swf      | 1727082b | Steampunk.swf
[15:55:34] GET   | json     | 361100b | nullLangRU.json
[15:55:35] GET   | jpg      | 131369b | startup2.jpg
[15:55:35] GET   | swf      |  26495b | GameTitle_RU.swf
[15:55:35] GET   | data     |  26204b | meta.data
[15:55:35] GET   | jpg      | 1316274b | map_bg_winter.jpg
[15:55:35] IN    | 5x1      |      8b | #39
      HEX IN:  05 00 01 4d 00 00 00 00
[15:55:35] HND   | 5x1      | 602157b | p5_1
[15:55:35] OUT   | 5x1      | 602157b | 
      HEX OUT: 05 00 02 4d 25 30 09 00 fa 00 01 00 00 00 00 00 00 00 00 00 64 00 00 00 ...
[15:55:35] GET   | swf      | 211864b | OfferDg7.swf
[15:55:35] IN    | 60x3b    |     50b | #40
      HEX IN:  60 00 3b 4d 2a 00 00 00 00 00 00 00 24 00 31 34 62 39 30 33 61 31 2d 33 ...
[15:55:35] OUT   | 60x3b    |     55b | 
      HEX OUT: 60 00 3c 4d 2f 00 00 00 ff ff ff ff 24 00 31 34 62 39 30 33 61 31 2d 33 ...
[15:55:35] IN    | 60x3b    |     50b | #41
      HEX IN:  60 00 3b 4d 2a 00 00 00 ff ff ff ff 24 00 31 34 62 39 30 33 61 31 2d 33 ...
[15:55:35] OUT   | 60x3b    |     55b | 
      HEX OUT: 60 00 3c 4d 2f 00 00 00 ff ff ff ff 24 00 31 34 62 39 30 33 61 31 2d 33 ...
[15:55:35] IN    | 2x1      |      9b | #42
      HEX IN:  02 00 01 4d 01 00 00 00 00
[15:55:35] HND   | 2x1      | 153183b | p2_1
[15:55:35] OUT   | 2x1      | 153183b | 
      HEX OUT: 02 00 02 4d 57 56 02 00 00 24 00 61 34 34 61 61 33 36 37 2d 61 33 38 32 ...
[15:55:35] GET   | swf      | 373918b | build_5m_5.swf
[15:55:35] IN    | 50x1     |     18b | #43
      HEX IN:  50 00 01 4d 0a 00 00 00 00 0a d1 e2 51 8f 94 da 41 00
[15:55:35] STUB  | 50x1     |      8b | нет хендлера и дампа
[15:55:35] OUT   | 50x1     |      8b | 
      HEX OUT: 32 00 01 4d 00 00 00 00
[15:55:35] IN    | 60x3b    |     50b | #44
      HEX IN:  60 00 3b 4d 2a 00 00 00 dd 01 00 00 24 00 31 34 62 39 30 33 61 31 2d 33 ...
[15:55:35] OUT   | 60x3b    |     55b | 
      HEX OUT: 60 00 3c 4d 2f 00 00 00 ff ff ff ff 24 00 31 34 62 39 30 33 61 31 2d 33 ...
[15:55:35] GET   | swf      | 348605b | common_9.swf
[15:55:35] GET   | swf      | 400315b | build_1h_4.swf
[15:55:35] GET   | swf      |  87638b | bl_clan_center_3.swf
[15:55:35] GET   | swf      | 120606b | bl_hero_workshop_5.swf
[15:55:35] GET   | swf      | 412587b | cannon_1h_6.swf
[15:55:35] GET   | swf      | 186539b | garbage_3.swf
[15:55:35] GET   | png      |   2060b | un_hero1_m.png
[15:55:35] GET   | swf      |   7394b | QBuildGuardTowerLvl1.swf
[15:55:35] GET   | swf      |  14406b | QBuildCampLvl2.swf
[15:55:36] IN    | 60x3b    |     50b | #45
      HEX IN:  60 00 3b 4d 2a 00 00 00 dc 01 00 00 24 00 31 34 62 39 30 33 61 31 2d 33 ...
[15:55:36] OUT   | 60x3b    |     55b | 
      HEX OUT: 60 00 3c 4d 2f 00 00 00 ff ff ff ff 24 00 31 34 62 39 30 33 61 31 2d 33 ...
[15:55:36] GET   | mp3      | 4438071b | main_new.mp3
[15:55:36] GET   | mp3      | 755076b | ambience.mp3
[15:55:36] IN    | 60x13    |      8b | #46
      HEX IN:  60 00 13 4d 00 00 00 00
[15:55:36] OUT   | 60x13    |   3719b | 
      HEX OUT: 50 00 02 4d 7f 0e 00 00 57 50 d5 00 1b 00 24 00 31 36 65 62 37 32 37 66 ...
[15:55:36] IN    | 10x8     |      8b | #47
      HEX IN:  10 00 08 4d 00 00 00 00
[15:55:36] HND   | 10x8     |     10b | p10_8
[15:55:36] OUT   | 10x8     |     10b | 
      HEX OUT: 10 00 07 4d 02 00 00 00 00 00
[15:55:38] GET   | swf      | 290786b | bl_library_7.swf
